# JRE version: OpenJDK Runtime Environment (17.0.2+8) (build 17.0.2+8-86)
# Java VM: OpenJDK 64-Bit Server VM (17.0.2+8-86, mixed mode, emulated-client, sharing, tiered, compressed oops, compressed class ptrs, g1 gc, linux-amd64)
GC Precious Log:
 CPUs: 12 total, 12 available
 Memory: 15880M
 Large Page Support: Disabled
 NUMA Support: Disabled
 Compressed Oops: Enabled (Zero based)
 Heap Region Size: 2M
 Heap Min Capacity: 8M
 Heap Initial Capacity: 250M
 Heap Max Capacity: 3972M
 Pre-touch: Disabled
 Parallel Workers: 10
 Concurrent Workers: 3
 Concurrent Refinement Workers: 10
 Periodic GC: Disabled
Heap:
 garbage-first heap   total 90112K, used 63732K [0x0000000707c00000, 0x0000000800000000)
  region size 2048K, 19 young (38912K), 2 survivors (4096K)
 Metaspace       used 47949K, committed 48384K, reserved 1097728K
  class space    used 6532K, committed 6720K, reserved 1048576K
GC Heap History (20 events):
Event: 0,397 GC heap after
{Heap after GC invocations=1 (full 0):
 garbage-first heap   total 260096K, used 9298K [0x0000000707c00000, 0x0000000800000000)
  region size 2048K, 2 young (4096K), 2 survivors (4096K)
 Metaspace       used 6637K, committed 6784K, reserved 1056768K
  class space    used 810K, committed 896K, reserved 1048576K
}
Event: 0,638 GC heap before
{Heap before GC invocations=1 (full 0):
 garbage-first heap   total 260096K, used 31826K [0x0000000707c00000, 0x0000000800000000)
  region size 2048K, 13 young (26624K), 2 survivors (4096K)
 Metaspace       used 11674K, committed 11968K, reserved 1064960K
  class space    used 1575K, committed 1728K, reserved 1048576K
}
Event: 0,641 GC heap after
{Heap after GC invocations=2 (full 0):
 garbage-first heap   total 260096K, used 11126K [0x0000000707c00000, 0x0000000800000000)
  region size 2048K, 1 young (2048K), 1 survivors (2048K)
 Metaspace       used 11674K, committed 11968K, reserved 1064960K
  class space    used 1575K, committed 1728K, reserved 1048576K
}
Event: 0,862 GC heap before
{Heap before GC invocations=2 (full 0):
 garbage-first heap   total 260096K, used 62326K [0x0000000707c00000, 0x0000000800000000)
  region size 2048K, 27 young (55296K), 1 survivors (2048K)
 Metaspace       used 21328K, committed 21504K, reserved 1073152K
  class space    used 2738K, committed 2816K, reserved 1048576K
}
Event: 0,865 GC heap after
{Heap after GC invocations=3 (full 0):
 garbage-first heap   total 260096K, used 13895K [0x0000000707c00000, 0x0000000800000000)
  region size 2048K, 3 young (6144K), 3 survivors (6144K)
 Metaspace       used 21328K, committed 21504K, reserved 1073152K
  class space    used 2738K, committed 2816K, reserved 1048576K
}
Event: 1,261 GC heap before
{Heap before GC invocations=4 (full 0):
 garbage-first heap   total 75776K, used 52807K [0x0000000707c00000, 0x0000000800000000)
  region size 2048K, 22 young (45056K), 3 survivors (6144K)
 Metaspace       used 25477K, committed 25792K, reserved 1073152K
  class space    used 3352K, committed 3520K, reserved 1048576K
}
Event: 1,267 GC heap after
{Heap after GC invocations=5 (full 0):
 garbage-first heap   total 75776K, used 16594K [0x0000000707c00000, 0x0000000800000000)
  region size 2048K, 3 young (6144K), 3 survivors (6144K)
 Metaspace       used 25477K, committed 25792K, reserved 1073152K
  class space    used 3352K, committed 3520K, reserved 1048576K
}
Event: 1,300 GC heap before
{Heap before GC invocations=5 (full 0):
 garbage-first heap   total 75776K, used 18642K [0x0000000707c00000, 0x0000000800000000)
  region size 2048K, 4 young (8192K), 3 survivors (6144K)
 Metaspace       used 25885K, committed 26240K, reserved 1073152K
  class space    used 3415K, committed 3584K, reserved 1048576K
}
Event: 1,306 GC heap after
{Heap after GC invocations=6 (full 0):
 garbage-first heap   total 75776K, used 17067K [0x0000000707c00000, 0x0000000800000000)
  region size 2048K, 1 young (2048K), 1 survivors (2048K)
 Metaspace       used 25885K, committed 26240K, reserved 1073152K
  class space    used 3415K, committed 3584K, reserved 1048576K
}
Event: 1,508 GC heap before
{Heap before GC invocations=6 (full 0):
 garbage-first heap   total 75776K, used 45739K [0x0000000707c00000, 0x0000000800000000)
  region size 2048K, 16 young (32768K), 1 survivors (2048K)
 Metaspace       used 30153K, committed 30464K, reserved 1081344K
  class space    used 4008K, committed 4160K, reserved 1048576K
}
Event: 1,513 GC heap after
{Heap after GC invocations=7 (full 0):
 garbage-first heap   total 110592K, used 19674K [0x0000000707c00000, 0x0000000800000000)
  region size 2048K, 2 young (4096K), 2 survivors (4096K)
 Metaspace       used 30153K, committed 30464K, reserved 1081344K
  class space    used 4008K, committed 4160K, reserved 1048576K
}
Event: 1,771 GC heap before
{Heap before GC invocations=7 (full 0):
 garbage-first heap   total 110592K, used 50394K [0x0000000707c00000, 0x0000000800000000)
  region size 2048K, 18 young (36864K), 2 survivors (4096K)
 Metaspace       used 35654K, committed 35968K, reserved 1081344K
  class space    used 4845K, committed 4992K, reserved 1048576K
}
Event: 1,774 GC heap after
{Heap after GC invocations=8 (full 0):
 garbage-first heap   total 110592K, used 21188K [0x0000000707c00000, 0x0000000800000000)
  region size 2048K, 3 young (6144K), 3 survivors (6144K)
 Metaspace       used 35654K, committed 35968K, reserved 1081344K
  class space    used 4845K, committed 4992K, reserved 1048576K
}
Event: 2,184 GC heap before
{Heap before GC invocations=9 (full 0):
 garbage-first heap   total 90112K, used 68292K [0x0000000707c00000, 0x0000000800000000)
  region size 2048K, 26 young (53248K), 3 survivors (6144K)
 Metaspace       used 42256K, committed 42688K, reserved 1089536K
  class space    used 5799K, committed 6016K, reserved 1048576K
}
Event: 2,188 GC heap after
{Heap after GC invocations=10 (full 0):
 garbage-first heap   total 90112K, used 26331K [0x0000000707c00000, 0x0000000800000000)
  region size 2048K, 4 young (8192K), 4 survivors (8192K)
 Metaspace       used 42256K, committed 42688K, reserved 1089536K
  class space    used 5799K, committed 6016K, reserved 1048576K
}
Event: 2,206 GC heap before
{Heap before GC invocations=10 (full 0):
 garbage-first heap   total 90112K, used 28379K [0x0000000707c00000, 0x0000000800000000)
  region size 2048K, 5 young (10240K), 4 survivors (8192K)
 Metaspace       used 42455K, committed 42880K, reserved 1089536K
  class space    used 5823K, committed 6016K, reserved 1048576K
}
Event: 2,209 GC heap after
{Heap after GC invocations=11 (full 0):
 garbage-first heap   total 90112K, used 27241K [0x0000000707c00000, 0x0000000800000000)
  region size 2048K, 1 young (2048K), 1 survivors (2048K)
 Metaspace       used 42455K, committed 42880K, reserved 1089536K
  class space    used 5823K, committed 6016K, reserved 1048576K
}
Event: 1041,780 GC heap before
{Heap before GC invocations=11 (full 0):
 garbage-first heap   total 90112K, used 62057K [0x0000000707c00000, 0x0000000800000000)
  region size 2048K, 19 young (38912K), 1 survivors (2048K)
 Metaspace       used 47921K, committed 48384K, reserved 1097728K
  class space    used 6527K, committed 6720K, reserved 1048576K
}
Event: 1041,783 GC heap after
{Heap after GC invocations=12 (full 0):
 garbage-first heap   total 90112K, used 28916K [0x0000000707c00000, 0x0000000800000000)
  region size 2048K, 2 young (4096K), 2 survivors (4096K)
 Metaspace       used 47921K, committed 48384K, reserved 1097728K
  class space    used 6527K, committed 6720K, reserved 1048576K
}
Event: 5936,262 GC heap before
{Heap before GC invocations=12 (full 0):
 garbage-first heap   total 90112K, used 63732K [0x0000000707c00000, 0x0000000800000000)
  region size 2048K, 19 young (38912K), 2 survivors (4096K)
 Metaspace       used 47949K, committed 48384K, reserved 1097728K
  class space    used 6532K, committed 6720K, reserved 1048576K
}

