# JRE version: OpenJDK Runtime Environment (17.0.2+8) (build 17.0.2+8-86)
# Java VM: OpenJDK 64-Bit Server VM (17.0.2+8-86, mixed mode, emulated-client, sharing, tiered, compressed oops, compressed class ptrs, g1 gc, linux-amd64)
GC Precious Log:
 CPUs: 12 total, 12 available
 Memory: 15880M
 Large Page Support: Disabled
 NUMA Support: Disabled
 Compressed Oops: Enabled (Zero based)
 Heap Region Size: 2M
 Heap Min Capacity: 8M
 Heap Initial Capacity: 250M
 Heap Max Capacity: 3972M
 Pre-touch: Disabled
 Parallel Workers: 10
 Concurrent Workers: 3
 Concurrent Refinement Workers: 10
 Periodic GC: Disabled
Heap:
 garbage-first heap   total 96256K, used 37094K [0x0000000707c00000, 0x0000000800000000)
  region size 2048K, 5 young (10240K), 1 survivors (2048K)
 Metaspace       used 47826K, committed 48320K, reserved 1097728K
  class space    used 6698K, committed 6976K, reserved 1048576K
GC Heap History (20 events):
Event: 2,683 GC heap before
{Heap before GC invocations=6 (full 0):
 garbage-first heap   total 75776K, used 19072K [0x0000000707c00000, 0x0000000800000000)
  region size 2048K, 4 young (8192K), 3 survivors (6144K)
 Metaspace       used 25490K, committed 25856K, reserved 1073152K
  class space    used 3499K, committed 3648K, reserved 1048576K
}
Event: 2,700 GC heap after
{Heap after GC invocations=7 (full 0):
 garbage-first heap   total 75776K, used 19600K [0x0000000707c00000, 0x0000000800000000)
  region size 2048K, 1 young (2048K), 1 survivors (2048K)
 Metaspace       used 25490K, committed 25856K, reserved 1073152K
  class space    used 3499K, committed 3648K, reserved 1048576K
}
Event: 3,045 GC heap before
{Heap before GC invocations=7 (full 0):
 garbage-first heap   total 75776K, used 50320K [0x0000000707c00000, 0x0000000800000000)
  region size 2048K, 16 young (32768K), 1 survivors (2048K)
 Metaspace       used 27606K, committed 28032K, reserved 1073152K
  class space    used 3812K, committed 4032K, reserved 1048576K
}
Event: 3,053 GC heap after
{Heap after GC invocations=8 (full 0):
 garbage-first heap   total 96256K, used 20162K [0x0000000707c00000, 0x0000000800000000)
  region size 2048K, 1 young (2048K), 1 survivors (2048K)
 Metaspace       used 27606K, committed 28032K, reserved 1073152K
  class space    used 3812K, committed 4032K, reserved 1048576K
}
Event: 3,761 GC heap before
{Heap before GC invocations=8 (full 0):
 garbage-first heap   total 96256K, used 67266K [0x0000000707c00000, 0x0000000800000000)
  region size 2048K, 24 young (49152K), 1 survivors (2048K)
 Metaspace       used 32815K, committed 33280K, reserved 1081344K
  class space    used 4590K, committed 4800K, reserved 1048576K
}
Event: 3,763 GC heap after
{Heap after GC invocations=9 (full 0):
 garbage-first heap   total 96256K, used 23220K [0x0000000707c00000, 0x0000000800000000)
  region size 2048K, 3 young (6144K), 3 survivors (6144K)
 Metaspace       used 32815K, committed 33280K, reserved 1081344K
  class space    used 4590K, committed 4800K, reserved 1048576K
}
Event: 3,997 GC heap before
{Heap before GC invocations=9 (full 0):
 garbage-first heap   total 96256K, used 51892K [0x0000000707c00000, 0x0000000800000000)
  region size 2048K, 18 young (36864K), 3 survivors (6144K)
 Metaspace       used 35641K, committed 35968K, reserved 1081344K
  class space    used 5037K, committed 5184K, reserved 1048576K
}
Event: 4,000 GC heap after
{Heap after GC invocations=10 (full 0):
 garbage-first heap   total 96256K, used 25651K [0x0000000707c00000, 0x0000000800000000)
  region size 2048K, 3 young (6144K), 3 survivors (6144K)
 Metaspace       used 35641K, committed 35968K, reserved 1081344K
  class space    used 5037K, committed 5184K, reserved 1048576K
}
Event: 4,534 GC heap before
{Heap before GC invocations=11 (full 0):
 garbage-first heap   total 96256K, used 70707K [0x0000000707c00000, 0x0000000800000000)
  region size 2048K, 25 young (51200K), 3 survivors (6144K)
 Metaspace       used 40613K, committed 41024K, reserved 1089536K
  class space    used 5682K, committed 5888K, reserved 1048576K
}
Event: 4,538 GC heap after
{Heap after GC invocations=12 (full 0):
 garbage-first heap   total 96256K, used 30035K [0x0000000707c00000, 0x0000000800000000)
  region size 2048K, 4 young (8192K), 4 survivors (8192K)
 Metaspace       used 40613K, committed 41024K, reserved 1089536K
  class space    used 5682K, committed 5888K, reserved 1048576K
}
Event: 4,575 GC heap before
{Heap before GC invocations=12 (full 0):
 garbage-first heap   total 96256K, used 32083K [0x0000000707c00000, 0x0000000800000000)
  region size 2048K, 5 young (10240K), 4 survivors (8192K)
 Metaspace       used 40982K, committed 41472K, reserved 1089536K
  class space    used 5735K, committed 5952K, reserved 1048576K
}
Event: 4,577 GC heap after
{Heap after GC invocations=13 (full 0):
 garbage-first heap   total 96256K, used 30357K [0x0000000707c00000, 0x0000000800000000)
  region size 2048K, 1 young (2048K), 1 survivors (2048K)
 Metaspace       used 40982K, committed 41472K, reserved 1089536K
  class space    used 5735K, committed 5952K, reserved 1048576K
}
Event: 198,938 GC heap before
{Heap before GC invocations=13 (full 0):
 garbage-first heap   total 96256K, used 67221K [0x0000000707c00000, 0x0000000800000000)
  region size 2048K, 20 young (40960K), 1 survivors (2048K)
 Metaspace       used 47649K, committed 48064K, reserved 1097728K
  class space    used 6662K, committed 6848K, reserved 1048576K
}
Event: 198,946 GC heap after
{Heap after GC invocations=14 (full 0):
 garbage-first heap   total 96256K, used 32574K [0x0000000707c00000, 0x0000000800000000)
  region size 2048K, 2 young (4096K), 2 survivors (4096K)
 Metaspace       used 47649K, committed 48064K, reserved 1097728K
  class space    used 6662K, committed 6848K, reserved 1048576K
}
Event: 3524,282 GC heap before
{Heap before GC invocations=14 (full 0):
 garbage-first heap   total 96256K, used 71486K [0x0000000707c00000, 0x0000000800000000)
  region size 2048K, 21 young (43008K), 2 survivors (4096K)
 Metaspace       used 47730K, committed 48256K, reserved 1097728K
  class space    used 6679K, committed 6912K, reserved 1048576K
}
Event: 3524,288 GC heap after
{Heap after GC invocations=15 (full 0):
 garbage-first heap   total 96256K, used 33048K [0x0000000707c00000, 0x0000000800000000)
  region size 2048K, 2 young (4096K), 2 survivors (4096K)
 Metaspace       used 47730K, committed 48256K, reserved 1097728K
  class space    used 6679K, committed 6912K, reserved 1048576K
}
Event: 6572,717 GC heap before
{Heap before GC invocations=15 (full 0):
 garbage-first heap   total 96256K, used 71960K [0x0000000707c00000, 0x0000000800000000)
  region size 2048K, 21 young (43008K), 2 survivors (4096K)
 Metaspace       used 47748K, committed 48256K, reserved 1097728K
  class space    used 6684K, committed 6912K, reserved 1048576K
}
Event: 6572,720 GC heap after
{Heap after GC invocations=16 (full 0):
 garbage-first heap   total 96256K, used 33444K [0x0000000707c00000, 0x0000000800000000)
  region size 2048K, 1 young (2048K), 1 survivors (2048K)
 Metaspace       used 47748K, committed 48256K, reserved 1097728K
  class space    used 6684K, committed 6912K, reserved 1048576K
}
Event: 9638,032 GC heap before
{Heap before GC invocations=16 (full 0):
 garbage-first heap   total 96256K, used 72356K [0x0000000707c00000, 0x0000000800000000)
  region size 2048K, 21 young (43008K), 1 survivors (2048K)
 Metaspace       used 47751K, committed 48256K, reserved 1097728K
  class space    used 6685K, committed 6912K, reserved 1048576K
}
Event: 9638,037 GC heap after
{Heap after GC invocations=17 (full 0):
 garbage-first heap   total 96256K, used 32998K [0x0000000707c00000, 0x0000000800000000)
  region size 2048K, 1 young (2048K), 1 survivors (2048K)
 Metaspace       used 47751K, committed 48256K, reserved 1097728K
  class space    used 6685K, committed 6912K, reserved 1048576K
}

